1672225345785	geckodriver	INFO	Listening on 127.0.0.1:42149
1672225345834	mozrunner::runner	INFO	Running command: "/usr/bin/firefox" "--marionette" "--remote-debugging-port" "45433" "--remote-allow-hosts" "localhost" "-no-remote" "-profile" "/tmp/rust_mozprofileF9gTpL"

(firefox:7873): Gtk-WARNING **: 16:32:25.874: Locale not supported by C library.
	Using the fallback 'C' locale.
[GFX1-]: glxtest: VA-API test failed: failed to initialise VAAPI connection.
ATTENTION: default value of option mesa_glthread overridden by environment.
ATTENTION: default value of option mesa_glthread overridden by environment.
ATTENTION: default value of option mesa_glthread overridden by environment.
ATTENTION: default value of option mesa_glthread overridden by environment.
1672225346898	Marionette	INFO	Marionette enabled
1672225346903	Marionette	INFO	Listening on port 34549
Read port: 34549
WebDriver BiDi listening on ws://127.0.0.1:45433
1672225347063	RemoteAgent	WARN	TLS certificate errors will be ignored for this session
console.warn: SearchSettings: "get: No settings file exists, new profile?" (new NotFoundError("Could not open the file at /tmp/rust_mozprofileF9gTpL/search.json.mozlz4", (void 0)))
DevTools listening on ws://127.0.0.1:45433/devtools/browser/6b4faa15-ec2d-4fcd-aaf1-2bdc548349e6
JavaScript warning: https://www.redditstatic.com/accountmanager/ssoOneTap.9f8d3f61ec2c057cd0e6.js, line 1: unreachable code after return statement
1672225373189	Marionette	INFO	Stopped listening on port 34549
console.warn: TopSitesFeed: Failed to fetch data from Contile server: NetworkError when attempting to fetch resource.
1672225406548	geckodriver	INFO	Listening on 127.0.0.1:49709
1672225406601	mozrunner::runner	INFO	Running command: "/usr/bin/firefox" "--marionette" "--remote-debugging-port" "46857" "--remote-allow-hosts" "localhost" "-no-remote" "-profile" "/tmp/rust_mozprofilemj2pCj"

(firefox:8278): Gtk-WARNING **: 16:33:26.653: Locale not supported by C library.
	Using the fallback 'C' locale.
[GFX1-]: glxtest: VA-API test failed: failed to initialise VAAPI connection.
ATTENTION: default value of option mesa_glthread overridden by environment.
ATTENTION: default value of option mesa_glthread overridden by environment.
ATTENTION: default value of option mesa_glthread overridden by environment.
ATTENTION: default value of option mesa_glthread overridden by environment.
1672225407635	Marionette	INFO	Marionette enabled
1672225407640	Marionette	INFO	Listening on port 46797
Read port: 46797
WebDriver BiDi listening on ws://127.0.0.1:46857
1672225407781	RemoteAgent	WARN	TLS certificate errors will be ignored for this session
console.warn: SearchSettings: "get: No settings file exists, new profile?" (new NotFoundError("Could not open the file at /tmp/rust_mozprofilemj2pCj/search.json.mozlz4", (void 0)))
DevTools listening on ws://127.0.0.1:46857/devtools/browser/650319ca-195c-48bf-aca1-59ce16eb47f1
JavaScript warning: https://www.redditstatic.com/accountmanager/ssoOneTap.9f8d3f61ec2c057cd0e6.js, line 1: unreachable code after return statement
1672225420526	Marionette	INFO	Stopped listening on port 46797
1672225492934	geckodriver	INFO	Listening on 127.0.0.1:52703
1672225492986	mozrunner::runner	INFO	Running command: "/usr/bin/firefox" "--marionette" "--remote-debugging-port" "53739" "--remote-allow-hosts" "localhost" "-no-remote" "-profile" "/tmp/rust_mozprofileEKCaRL"

(firefox:8809): Gtk-WARNING **: 16:34:53.027: Locale not supported by C library.
	Using the fallback 'C' locale.
[GFX1-]: glxtest: VA-API test failed: failed to initialise VAAPI connection.
ATTENTION: default value of option mesa_glthread overridden by environment.
ATTENTION: default value of option mesa_glthread overridden by environment.
ATTENTION: default value of option mesa_glthread overridden by environment.
ATTENTION: default value of option mesa_glthread overridden by environment.
1672225493853	Marionette	INFO	Marionette enabled
1672225493858	Marionette	INFO	Listening on port 45655
Read port: 45655
WebDriver BiDi listening on ws://127.0.0.1:53739
1672225493989	RemoteAgent	WARN	TLS certificate errors will be ignored for this session
console.warn: SearchSettings: "get: No settings file exists, new profile?" (new NotFoundError("Could not open the file at /tmp/rust_mozprofileEKCaRL/search.json.mozlz4", (void 0)))
DevTools listening on ws://127.0.0.1:53739/devtools/browser/368bd4ce-ff0b-419b-8cbb-14870b32543f
JavaScript warning: https://www.redditstatic.com/accountmanager/ssoOneTap.9f8d3f61ec2c057cd0e6.js, line 1: unreachable code after return statement
1672225515616	Marionette	INFO	Stopped listening on port 45655
console.warn: TopSitesFeed: Failed to fetch data from Contile server: NetworkError when attempting to fetch resource.
1672225534593	geckodriver	INFO	Listening on 127.0.0.1:44057
1672225534645	mozrunner::runner	INFO	Running command: "/usr/bin/firefox" "--marionette" "--remote-debugging-port" "37973" "--remote-allow-hosts" "localhost" "-no-remote" "-profile" "/tmp/rust_mozprofilewNCJYl"

(firefox:9256): Gtk-WARNING **: 16:35:34.685: Locale not supported by C library.
	Using the fallback 'C' locale.
[GFX1-]: glxtest: VA-API test failed: failed to initialise VAAPI connection.
ATTENTION: default value of option mesa_glthread overridden by environment.
ATTENTION: default value of option mesa_glthread overridden by environment.
ATTENTION: default value of option mesa_glthread overridden by environment.
ATTENTION: default value of option mesa_glthread overridden by environment.
1672225535522	Marionette	INFO	Marionette enabled
1672225535529	Marionette	INFO	Listening on port 38627
Read port: 38627
WebDriver BiDi listening on ws://127.0.0.1:37973
1672225535671	RemoteAgent	WARN	TLS certificate errors will be ignored for this session
console.warn: SearchSettings: "get: No settings file exists, new profile?" (new NotFoundError("Could not open the file at /tmp/rust_mozprofilewNCJYl/search.json.mozlz4", (void 0)))
DevTools listening on ws://127.0.0.1:37973/devtools/browser/0de5d0b2-fd80-415d-8e1c-4ba49d658174
1672225546265	Marionette	INFO	Stopped listening on port 38627
1672225957862	geckodriver	INFO	Listening on 127.0.0.1:53579
1672225957926	mozrunner::runner	INFO	Running command: "/usr/bin/firefox" "--marionette" "--remote-debugging-port" "43575" "--remote-allow-hosts" "localhost" "-no-remote" "-profile" "/tmp/rust_mozprofileijXrRM"

(firefox:10203): Gtk-WARNING **: 16:42:37.996: Locale not supported by C library.
	Using the fallback 'C' locale.
[GFX1-]: glxtest: VA-API test failed: failed to initialise VAAPI connection.
ATTENTION: default value of option mesa_glthread overridden by environment.
ATTENTION: default value of option mesa_glthread overridden by environment.
ATTENTION: default value of option mesa_glthread overridden by environment.
ATTENTION: default value of option mesa_glthread overridden by environment.
1672225958892	Marionette	INFO	Marionette enabled
1672225958897	Marionette	INFO	Listening on port 37587
Read port: 37587
WebDriver BiDi listening on ws://127.0.0.1:43575
1672225959029	RemoteAgent	WARN	TLS certificate errors will be ignored for this session
console.warn: SearchSettings: "get: No settings file exists, new profile?" (new NotFoundError("Could not open the file at /tmp/rust_mozprofileijXrRM/search.json.mozlz4", (void 0)))
DevTools listening on ws://127.0.0.1:43575/devtools/browser/6b5717f7-d5aa-470e-ad12-80a77b770c80
JavaScript warning: https://www.redditstatic.com/accountmanager/ssoOneTap.9f8d3f61ec2c057cd0e6.js, line 1: unreachable code after return statement
1672225971901	Marionette	INFO	Stopped listening on port 37587
1672226098379	geckodriver	INFO	Listening on 127.0.0.1:54947
1672226098432	mozrunner::runner	INFO	Running command: "/usr/bin/firefox" "--marionette" "--remote-debugging-port" "36393" "--remote-allow-hosts" "localhost" "-no-remote" "-profile" "/tmp/rust_mozprofileNF8MvS"

(firefox:10865): Gtk-WARNING **: 16:44:58.475: Locale not supported by C library.
	Using the fallback 'C' locale.
[GFX1-]: glxtest: VA-API test failed: failed to initialise VAAPI connection.
ATTENTION: default value of option mesa_glthread overridden by environment.
ATTENTION: default value of option mesa_glthread overridden by environment.
ATTENTION: default value of option mesa_glthread overridden by environment.
ATTENTION: default value of option mesa_glthread overridden by environment.
1672226099451	Marionette	INFO	Marionette enabled
1672226099456	Marionette	INFO	Listening on port 37841
Read port: 37841
WebDriver BiDi listening on ws://127.0.0.1:36393
1672226099594	RemoteAgent	WARN	TLS certificate errors will be ignored for this session
console.warn: SearchSettings: "get: No settings file exists, new profile?" (new NotFoundError("Could not open the file at /tmp/rust_mozprofileNF8MvS/search.json.mozlz4", (void 0)))
DevTools listening on ws://127.0.0.1:36393/devtools/browser/9f2c86ad-edfb-435c-84d9-b771859179b8
JavaScript warning: https://www.redditstatic.com/accountmanager/ssoOneTap.9f8d3f61ec2c057cd0e6.js, line 1: unreachable code after return statement
1672226112653	Marionette	INFO	Stopped listening on port 37841
1672226202730	geckodriver	INFO	Listening on 127.0.0.1:40471
1672226202781	mozrunner::runner	INFO	Running command: "/usr/bin/firefox" "--marionette" "--remote-debugging-port" "35631" "--remote-allow-hosts" "localhost" "-no-remote" "-profile" "/tmp/rust_mozprofileF0ACbs"

(firefox:11263): Gtk-WARNING **: 16:46:42.826: Locale not supported by C library.
	Using the fallback 'C' locale.
[GFX1-]: glxtest: VA-API test failed: failed to initialise VAAPI connection.
ATTENTION: default value of option mesa_glthread overridden by environment.
ATTENTION: default value of option mesa_glthread overridden by environment.
ATTENTION: default value of option mesa_glthread overridden by environment.
ATTENTION: default value of option mesa_glthread overridden by environment.
1672226203814	Marionette	INFO	Marionette enabled
1672226203820	Marionette	INFO	Listening on port 42335
Read port: 42335
WebDriver BiDi listening on ws://127.0.0.1:35631
1672226203969	RemoteAgent	WARN	TLS certificate errors will be ignored for this session
console.warn: SearchSettings: "get: No settings file exists, new profile?" (new NotFoundError("Could not open the file at /tmp/rust_mozprofileF0ACbs/search.json.mozlz4", (void 0)))
DevTools listening on ws://127.0.0.1:35631/devtools/browser/161eb532-18ec-4cc7-b548-23556601b595
JavaScript warning: https://www.redditstatic.com/accountmanager/ssoOneTap.9f8d3f61ec2c057cd0e6.js, line 1: unreachable code after return statement
1672226216394	Marionette	INFO	Stopped listening on port 42335
1672226289590	geckodriver	INFO	Listening on 127.0.0.1:48171
1672226289644	mozrunner::runner	INFO	Running command: "/usr/bin/firefox" "--marionette" "--remote-debugging-port" "39027" "--remote-allow-hosts" "localhost" "-no-remote" "-profile" "/tmp/rust_mozprofileXn4Kre"

(firefox:11657): Gtk-WARNING **: 16:48:09.686: Locale not supported by C library.
	Using the fallback 'C' locale.
[GFX1-]: glxtest: VA-API test failed: failed to initialise VAAPI connection.
ATTENTION: default value of option mesa_glthread overridden by environment.
ATTENTION: default value of option mesa_glthread overridden by environment.
ATTENTION: default value of option mesa_glthread overridden by environment.
ATTENTION: default value of option mesa_glthread overridden by environment.
1672226290509	Marionette	INFO	Marionette enabled
1672226290514	Marionette	INFO	Listening on port 46033
Read port: 46033
WebDriver BiDi listening on ws://127.0.0.1:39027
1672226290676	RemoteAgent	WARN	TLS certificate errors will be ignored for this session
console.warn: SearchSettings: "get: No settings file exists, new profile?" (new NotFoundError("Could not open the file at /tmp/rust_mozprofileXn4Kre/search.json.mozlz4", (void 0)))
DevTools listening on ws://127.0.0.1:39027/devtools/browser/0ea98934-0aad-4d69-8aa6-c514dd85a3f9
JavaScript warning: https://www.redditstatic.com/accountmanager/ssoOneTap.9f8d3f61ec2c057cd0e6.js, line 1: unreachable code after return statement
1672226302773	Marionette	INFO	Stopped listening on port 46033
1672226358024	geckodriver	INFO	Listening on 127.0.0.1:33897
1672226358076	mozrunner::runner	INFO	Running command: "/usr/bin/firefox" "--marionette" "--remote-debugging-port" "42831" "--remote-allow-hosts" "localhost" "-no-remote" "-profile" "/tmp/rust_mozprofilenOauoB"

(firefox:12016): Gtk-WARNING **: 16:49:18.116: Locale not supported by C library.
	Using the fallback 'C' locale.
[GFX1-]: glxtest: VA-API test failed: failed to initialise VAAPI connection.
ATTENTION: default value of option mesa_glthread overridden by environment.
ATTENTION: default value of option mesa_glthread overridden by environment.
ATTENTION: default value of option mesa_glthread overridden by environment.
ATTENTION: default value of option mesa_glthread overridden by environment.
1672226358970	Marionette	INFO	Marionette enabled
1672226358975	Marionette	INFO	Listening on port 43575
Read port: 43575
WebDriver BiDi listening on ws://127.0.0.1:42831
1672226359108	RemoteAgent	WARN	TLS certificate errors will be ignored for this session
console.warn: SearchSettings: "get: No settings file exists, new profile?" (new NotFoundError("Could not open the file at /tmp/rust_mozprofilenOauoB/search.json.mozlz4", (void 0)))
DevTools listening on ws://127.0.0.1:42831/devtools/browser/0c47aef6-661b-43f1-8ec7-a57c2856743f
JavaScript warning: https://www.redditstatic.com/accountmanager/ssoOneTap.9f8d3f61ec2c057cd0e6.js, line 1: unreachable code after return statement
1672226412906	Marionette	INFO	Stopped listening on port 43575
console.warn: TopSitesFeed: Failed to fetch data from Contile server: NetworkError when attempting to fetch resource.
1672226425096	geckodriver	INFO	Listening on 127.0.0.1:35117
1672226425150	mozrunner::runner	INFO	Running command: "/usr/bin/firefox" "--marionette" "--remote-debugging-port" "39477" "--remote-allow-hosts" "localhost" "-no-remote" "-profile" "/tmp/rust_mozprofilei9X1gl"

(firefox:12334): Gtk-WARNING **: 16:50:25.192: Locale not supported by C library.
	Using the fallback 'C' locale.
[GFX1-]: glxtest: VA-API test failed: failed to initialise VAAPI connection.
ATTENTION: default value of option mesa_glthread overridden by environment.
ATTENTION: default value of option mesa_glthread overridden by environment.
ATTENTION: default value of option mesa_glthread overridden by environment.
ATTENTION: default value of option mesa_glthread overridden by environment.
1672226426007	Marionette	INFO	Marionette enabled
1672226426011	Marionette	INFO	Listening on port 34341
Read port: 34341
WebDriver BiDi listening on ws://127.0.0.1:39477
1672226426176	RemoteAgent	WARN	TLS certificate errors will be ignored for this session
console.warn: SearchSettings: "get: No settings file exists, new profile?" (new NotFoundError("Could not open the file at /tmp/rust_mozprofilei9X1gl/search.json.mozlz4", (void 0)))
DevTools listening on ws://127.0.0.1:39477/devtools/browser/bb5435c1-254a-4a8e-8c09-5c91a7daac5f
1672226437667	Marionette	INFO	Stopped listening on port 34341
JavaScript warning: https://www.redditstatic.com/accountmanager/ssoOneTap.9f8d3f61ec2c057cd0e6.js, line 1: unreachable code after return statement
1672226538595	geckodriver	INFO	Listening on 127.0.0.1:40831
1672226538649	mozrunner::runner	INFO	Running command: "/usr/bin/firefox" "--marionette" "--remote-debugging-port" "52929" "--remote-allow-hosts" "localhost" "-no-remote" "-profile" "/tmp/rust_mozprofileAoXB2o"

(firefox:12747): Gtk-WARNING **: 16:52:18.707: Locale not supported by C library.
	Using the fallback 'C' locale.
[GFX1-]: glxtest: VA-API test failed: failed to initialise VAAPI connection.
ATTENTION: default value of option mesa_glthread overridden by environment.
ATTENTION: default value of option mesa_glthread overridden by environment.
ATTENTION: default value of option mesa_glthread overridden by environment.
ATTENTION: default value of option mesa_glthread overridden by environment.
1672226539630	Marionette	INFO	Marionette enabled
1672226539634	Marionette	INFO	Listening on port 40295
Read port: 40295
WebDriver BiDi listening on ws://127.0.0.1:52929
1672226539771	RemoteAgent	WARN	TLS certificate errors will be ignored for this session
console.warn: SearchSettings: "get: No settings file exists, new profile?" (new NotFoundError("Could not open the file at /tmp/rust_mozprofileAoXB2o/search.json.mozlz4", (void 0)))
DevTools listening on ws://127.0.0.1:52929/devtools/browser/4735c158-e1b4-4469-9a74-ee8aeef79317
JavaScript warning: https://www.redditstatic.com/accountmanager/ssoOneTap.9f8d3f61ec2c057cd0e6.js, line 1: unreachable code after return statement
1672226551393	Marionette	INFO	Stopped listening on port 40295
1672317529408	geckodriver	INFO	Listening on 127.0.0.1:54857
1672317529482	mozrunner::runner	INFO	Running command: "/usr/bin/firefox" "--marionette" "-headless" "--remote-debugging-port" "34973" "--remote-allow-hosts" "localhost" "-no-remote" "-profile" "/tmp/rust_mozprofileEUbNzR"
*** You are running in headless mode.

(firefox:4749): Gtk-WARNING **: 18:08:49.533: Locale not supported by C library.
	Using the fallback 'C' locale.
[GFX1-]: glxtest: VA-API test failed: failed to initialise VAAPI connection.
1672317529969	Marionette	INFO	Marionette enabled
1672317529974	Marionette	INFO	Listening on port 45707
Read port: 45707
WebDriver BiDi listening on ws://127.0.0.1:34973
1672317530123	RemoteAgent	WARN	TLS certificate errors will be ignored for this session
[GFX1-]: RenderCompositorSWGL failed mapping default framebuffer, no dt
console.warn: SearchSettings: "get: No settings file exists, new profile?" (new NotFoundError("Could not open the file at /tmp/rust_mozprofileEUbNzR/search.json.mozlz4", (void 0)))
DevTools listening on ws://127.0.0.1:34973/devtools/browser/ced501e5-7e55-4863-b3fb-81c5cd4ea8ea
JavaScript warning: https://www.redditstatic.com/accountmanager/ssoOneTap.9f8d3f61ec2c057cd0e6.js, line 1: unreachable code after return statement
1672317541716	Marionette	INFO	Stopped listening on port 45707
1672317665376	geckodriver	INFO	Listening on 127.0.0.1:34609
1672317665461	mozrunner::runner	INFO	Running command: "/usr/bin/firefox" "--marionette" "-headless" "--remote-debugging-port" "51165" "--remote-allow-hosts" "localhost" "-no-remote" "-profile" "/tmp/rust_mozprofilehCBs6f"
*** You are running in headless mode.

(firefox:5104): Gtk-WARNING **: 18:11:05.514: Locale not supported by C library.
	Using the fallback 'C' locale.
[GFX1-]: glxtest: VA-API test failed: failed to initialise VAAPI connection.
1672317665918	Marionette	INFO	Marionette enabled
1672317665926	Marionette	INFO	Listening on port 44179
Read port: 44179
WebDriver BiDi listening on ws://127.0.0.1:51165
1672317666066	RemoteAgent	WARN	TLS certificate errors will be ignored for this session
[GFX1-]: RenderCompositorSWGL failed mapping default framebuffer, no dt
console.warn: SearchSettings: "get: No settings file exists, new profile?" (new NotFoundError("Could not open the file at /tmp/rust_mozprofilehCBs6f/search.json.mozlz4", (void 0)))
DevTools listening on ws://127.0.0.1:51165/devtools/browser/3684f3b3-2e04-4d79-ad75-fa73465f07d5
1672317676522	Marionette	INFO	Stopped listening on port 44179
JavaScript error: resource://gre/modules/AsyncShutdown.jsm, line 719: Error: Phase "Sqlite.jsm: wait until all connections are closed" is finished, it is too late to register completion condition "protections.sqlite#0: waiting for shutdown"
